2023-06-25 17:01:55,594 - INFO - Updating reminders
2023-06-25 17:01:56,115 - INFO - downloading file https://tajammulbucket123.s3.ap-northeast-1.amazonaws.com/azan1_0951d053-25d5-4fb2-a463-168782db4183.mp3
2023-06-25 17:01:56,115 - INFO - MP3 file Already downloaded.
2023-06-25 17:01:56,115 - INFO - downloading file https://tajammulbucket123.s3.ap-northeast-1.amazonaws.com/azan1_0951d053-25d5-4fb2-a463-168782db4183.mp3
2023-06-25 17:01:56,116 - INFO - MP3 file Already downloaded.
2023-06-25 17:01:56,116 - INFO - downloading file https://tajammulbucket123.s3.ap-northeast-1.amazonaws.com/azan1_0951d053-25d5-4fb2-a463-168782db4183.mp3
2023-06-25 17:01:56,116 - INFO - MP3 file Already downloaded.
2023-06-25 17:01:56,117 - INFO - downloading file https://tajammulbucket123.s3.ap-northeast-1.amazonaws.com/azan1_0951d053-25d5-4fb2-a463-168782db4183.mp3
2023-06-25 17:01:56,118 - INFO - MP3 file Already downloaded.
2023-06-25 17:01:56,118 - INFO - downloading file https://tajammulbucket123.s3.ap-northeast-1.amazonaws.com/azan1_0951d053-25d5-4fb2-a463-168782db4183.mp3
2023-06-25 17:01:56,118 - INFO - MP3 file Already downloaded.
2023-06-25 17:01:56,373 - INFO - Maghrib reminder updated.
2023-06-25 17:01:56,373 - INFO - Time :19:25
2023-06-25 17:01:56,374 - INFO - TimeZone :Asia/Karachi
2023-06-25 17:01:56,374 - INFO - Asr reminder updated.
2023-06-25 17:01:56,374 - INFO - Time :15:55
2023-06-25 17:01:56,374 - INFO - TimeZone :Asia/Karachi
2023-06-25 17:01:56,375 - INFO - Isha reminder updated.
2023-06-25 17:01:56,376 - INFO - Time :20:54
2023-06-25 17:01:56,376 - INFO - TimeZone :Asia/Karachi
2023-06-25 17:01:56,376 - INFO - Dhuhr reminder updated.
2023-06-25 17:01:56,377 - INFO - Time :12:35
2023-06-25 17:01:56,377 - INFO - TimeZone :Asia/Karachi
2023-06-25 17:01:56,377 - INFO - Fajr reminder updated.
2023-06-25 17:01:56,377 - INFO - Time :04:15
2023-06-25 17:01:56,378 - INFO - TimeZone :Asia/Karachi
